<?xml version="1.0" encoding="UTF-8"?>
<testng-results ignored="0" total="2" passed="2" failed="0" skipped="0">
  <reporter-output>
  </reporter-output>
  <suite started-at="2018-09-11T13:56:49Z" name="Suite" finished-at="2018-09-11T13:57:20Z" duration-ms="30854">
    <groups>
      <group name="cucumber">
        <method signature="AbstractTestNGCucumberTests.feature(cucumber.api.testng.CucumberFeatureWrapper)[pri:0, instance:TestRunner.Runner@53976f5c]" name="feature" class="cucumber.api.testng.AbstractTestNGCucumberTests"/>
        <method signature="AbstractTestNGCucumberTests.feature(cucumber.api.testng.CucumberFeatureWrapper)[pri:0, instance:TestRunner.Runner2@57af006c]" name="feature" class="cucumber.api.testng.AbstractTestNGCucumberTests"/>
      </group> <!-- cucumber -->
    </groups>
    <test started-at="2018-09-11T13:56:49Z" name="Test2" finished-at="2018-09-11T13:57:20Z" duration-ms="30854">
      <class name="TestRunner.Runner2">
        <test-method is-config="true" signature="setUpClass()[pri:0, instance:TestRunner.Runner2@57af006c]" started-at="2018-09-11T13:56:49Z" name="setUpClass" finished-at="2018-09-11T13:56:49Z" duration-ms="382" status="PASS">
          <reporter-output>
          </reporter-output>
        </test-method> <!-- setUpClass -->
        <test-method signature="feature(cucumber.api.testng.CucumberFeatureWrapper)[pri:0, instance:TestRunner.Runner2@57af006c]" started-at="2018-09-11T13:56:49Z" name="feature" description="Runs Cucumber Feature" data-provider="features" finished-at="2018-09-11T13:57:20Z" duration-ms="30350" status="PASS">
          <params>
            <param index="0">
              <value>
                <![CDATA[Open firefox browser and go to google.com]]>
              </value>
            </param>
          </params>
          <reporter-output>
          </reporter-output>
        </test-method> <!-- feature -->
        <test-method is-config="true" signature="tearDownClass()[pri:0, instance:TestRunner.Runner2@57af006c]" started-at="2018-09-11T13:57:20Z" name="tearDownClass" finished-at="2018-09-11T13:57:20Z" duration-ms="4" status="PASS">
          <reporter-output>
          </reporter-output>
        </test-method> <!-- tearDownClass -->
      </class> <!-- TestRunner.Runner2 -->
    </test> <!-- Test2 -->
    <test started-at="2018-09-11T13:56:49Z" name="Test1" finished-at="2018-09-11T13:57:20Z" duration-ms="30851">
      <class name="TestRunner.Runner">
        <test-method is-config="true" signature="setUpClass()[pri:0, instance:TestRunner.Runner@53976f5c]" started-at="2018-09-11T13:56:49Z" name="setUpClass" finished-at="2018-09-11T13:56:49Z" duration-ms="382" status="PASS">
          <reporter-output>
          </reporter-output>
        </test-method> <!-- setUpClass -->
        <test-method signature="feature(cucumber.api.testng.CucumberFeatureWrapper)[pri:0, instance:TestRunner.Runner@53976f5c]" started-at="2018-09-11T13:56:49Z" name="feature" description="Runs Cucumber Feature" data-provider="features" finished-at="2018-09-11T13:57:20Z" duration-ms="30348" status="PASS">
          <params>
            <param index="0">
              <value>
                <![CDATA[Open chrome browser and go to google.com]]>
              </value>
            </param>
          </params>
          <reporter-output>
          </reporter-output>
        </test-method> <!-- feature -->
        <test-method is-config="true" signature="tearDownClass()[pri:0, instance:TestRunner.Runner@53976f5c]" started-at="2018-09-11T13:57:20Z" name="tearDownClass" finished-at="2018-09-11T13:57:20Z" duration-ms="4" status="PASS">
          <reporter-output>
          </reporter-output>
        </test-method> <!-- tearDownClass -->
      </class> <!-- TestRunner.Runner -->
    </test> <!-- Test1 -->
  </suite> <!-- Suite -->
</testng-results>
